已經開始建置於 2015/5/19 下午 05:40:52。
     1>節點 2 (build 目標) 上的專案 "D:\Dropbox\work\test\test_boost\boost_lib\msvc\boost_lib.vcxproj"。
     1>InitializeBuildStatus:
         由於指定了 "AlwaysCreate"，因此正在建立 "Debug\boost_lib.unsuccessfulbuild"。
       ClCompile:
         c:\Program Files (x86)\Microsoft Visual Studio 10.0\VC\bin\CL.exe /c /I"D:\avtech\work\nvr_project\boost_1_55_0-windows" /ZI /nologo /W3 /WX- /Od /Oy- /D WIN32 /D _DEBUG /D _CONSOLE /D BOOST_ALL_NO_LIB /D _MBCS /Gm /EHsc /RTC1 /MDd /GS /fp:precise /Zc:wchar_t /Zc:forScope /Fo"Debug\\" /Fd"Debug\vc100.pdb" /Gd /TP /analyze- /errorReport:prompt "..\boost_1_55_0-windows\boost.cpp" "..\boost_1_55_0-windows\libs\system\src\error_code.cpp" "..\boost_1_55_0-windows\libs\thread\src\future.cpp" "..\boost_1_55_0-windows\libs\thread\src\win32\thread.cpp"
         thread.cpp
         future.cpp
         error_code.cpp
         boost.cpp
         正在產生程式碼...
       Lib:
         c:\Program Files (x86)\Microsoft Visual Studio 10.0\VC\bin\Lib.exe /OUT:"D:\Dropbox\work\test\test_boost\msvc_sln\Debug\boost_lib.lib" /NOLOGO Debug\boost.obj
         Debug\error_code.obj
         Debug\future.obj
         Debug\thread.obj
         boost_lib.vcxproj -> D:\Dropbox\work\test\test_boost\msvc_sln\Debug\boost_lib.lib
       FinalizeBuildStatus:
         正在刪除檔案 "Debug\boost_lib.unsuccessfulbuild"。
         正在變更時間戳記 "Debug\boost_lib.lastbuildstate"。
     1>專案 "D:\Dropbox\work\test\test_boost\boost_lib\msvc\boost_lib.vcxproj" (build 目標) 建置完成。

建置成功。

經過時間 00:00:03.59
